  __autostart.cpp
  eaxedit.cpp
  hardware.cpp
  helperthread.cpp
  i_cd.cpp
  i_crash.cpp
  i_input.cpp
  i_keyboard.cpp
  i_mouse.cpp
  i_dijoy.cpp
  i_rawps2.cpp
  i_xinput.cpp
  i_main.cpp
  i_movie.cpp
  i_system.cpp
  st_start.cpp
  win32gliface.cpp
  win32video.cpp
  hq2x_asm.cpp
  hq3x_asm.cpp
  Generating Code...
  Compiling...
  hq4x_asm.cpp
  hqnx_asm_Image.cpp
  x86.cpp
  actorptrselect.cpp
  am_map.cpp
  b_bot.cpp
  b_func.cpp
  b_game.cpp
  b_move.cpp
  b_think.cpp
  bbannouncer.cpp
  c_bind.cpp
  c_cmds.cpp
  c_console.cpp
  c_consolebuffer.cpp
  c_cvars.cpp
  c_dispatch.cpp
  c_expr.cpp
  cmdlib.cpp
  colormatcher.cpp
  Generating Code...
  Compiling...
  compatibility.cpp
  configfile.cpp
  ct_chat.cpp
  d_dehacked.cpp
  d_iwad.cpp
  d_main.cpp
  d_net.cpp
  d_netinfo.cpp
  d_protocol.cpp
  decallib.cpp
  dobject.cpp
  dobjgc.cpp
  dobjtype.cpp
  doomdef.cpp
  doomstat.cpp
  dsectoreffect.cpp
  dthinker.cpp
  edata.cpp
  f_wipe.cpp
  farchive.cpp
  Generating Code...
  Compiling...
  files.cpp
  g_doomedmap.cpp
  g_game.cpp
  g_hub.cpp
  g_level.cpp
  g_mapinfo.cpp
  g_skill.cpp
  gameconfigfile.cpp
  gi.cpp
  gitinfo.cpp
  hu_scores.cpp
  i_net.cpp
  info.cpp
  keysections.cpp
  lumpconfigfile.cpp
  m_alloc.cpp
  m_argv.cpp
  m_bbox.cpp
  m_cheat.cpp
  m_joy.cpp
  Generating Code...
  Compiling...
  m_misc.cpp
  m_png.cpp
  m_random.cpp
  m_specialpaths.cpp
  memarena.cpp
  md5.cpp
  name.cpp
  nodebuild.cpp
  nodebuild_classify_nosse2.cpp
  nodebuild_events.cpp
  nodebuild_extract.cpp
  nodebuild_gl.cpp
  nodebuild_utility.cpp
  pathexpander.cpp
  p_3dfloors.cpp
  p_3dmidtex.cpp
  p_acs.cpp
  p_buildmap.cpp
  p_ceiling.cpp
  p_conversation.cpp
  Generating Code...
  Compiling...
  p_doors.cpp
  p_effect.cpp
  p_enemy.cpp
  p_floor.cpp
  p_glnodes.cpp
  p_interaction.cpp
  p_lights.cpp
  p_linkedsectors.cpp
  p_lnspec.cpp
  p_map.cpp
  p_maputl.cpp
  p_mobj.cpp
  p_pillar.cpp
  p_plats.cpp
  p_portals.cpp
  p_pspr.cpp
  p_saveg.cpp
  p_sectors.cpp
  p_setup.cpp
  p_sight.cpp
  Generating Code...
  Compiling...
  p_slopes.cpp
  p_spec.cpp
  p_states.cpp
  p_switch.cpp
  p_tags.cpp
  p_teleport.cpp
  p_terrain.cpp
  p_things.cpp
  p_tick.cpp
  p_trace.cpp
  p_udmf.cpp
  p_usdf.cpp
  p_user.cpp
  p_writemap.cpp
  p_xlat.cpp
  parsecontext.cpp
  po_man.cpp
  portal.cpp
  r_utility.cpp
  sc_man.cpp
  Generating Code...
  Compiling...
  st_stuff.cpp
  statistics.cpp
  stats.cpp
  stringtable.cpp
  tables.cpp
  teaminfo.cpp
  tempfiles.cpp
  v_blend.cpp
  v_collection.cpp
  v_draw.cpp
  v_font.cpp
  v_palette.cpp
  v_pfx.cpp
  v_text.cpp
  v_video.cpp
  w_wad.cpp
  wi_stuff.cpp
  zstrformat.cpp
  zstring.cpp
  a_doommisc.cpp
  Generating Code...
  Compiling...
  a_hereticmisc.cpp
  a_hexenmisc.cpp
  a_artitele.cpp
  a_minotaur.cpp
  a_strifestuff.cpp
  strife_sbar.cpp
  a_action.cpp
  a_armor.cpp
  a_artifacts.cpp
  a_bridge.cpp
  a_camera.cpp
  a_debris.cpp
  a_decals.cpp
  a_fastprojectile.cpp
  a_flashfader.cpp
  a_fountain.cpp
  a_hatetarget.cpp
  a_keys.cpp
  a_lightning.cpp
  a_mapmarker.cpp
  Generating Code...
  Compiling...
  a_morph.cpp
  a_movingcamera.cpp
  a_pickups.cpp
  a_puzzleitems.cpp
  a_quake.cpp
  a_randomspawner.cpp
  a_secrettrigger.cpp
  a_sectoraction.cpp
  a_setcolor.cpp
  a_skies.cpp
  a_soundenvironment.cpp
  a_soundsequence.cpp
  a_spark.cpp
  a_specialspot.cpp
  a_waterzone.cpp
  a_weaponpiece.cpp
  a_weapons.cpp
  hudmessages.cpp
  sbarinfo.cpp
  sbar_mugshot.cpp
  Generating Code...
  Compiling...
  shared_hud.cpp
  shared_sbar.cpp
  ancientzip.cpp
  file_7z.cpp
  file_grp.cpp
  file_lump.cpp
  file_rff.cpp
  file_wad.cpp
  file_zip.cpp
  file_pak.cpp
  file_directory.cpp
  resourcefile.cpp
  SFMT.cpp
  animations.cpp
  anim_switches.cpp
  automaptexture.cpp
  bitmap.cpp
  buildtexture.cpp
  canvastexture.cpp
  ddstexture.cpp
  Generating Code...
  Compiling...
  flattexture.cpp
  imgztexture.cpp
  jpegtexture.cpp
  multipatchtexture.cpp
  patchtexture.cpp
  pcxtexture.cpp
  pngtexture.cpp
  rawpagetexture.cpp
  emptytexture.cpp
  texture.cpp
  texturemanager.cpp
  tgatexture.cpp
  warptexture.cpp
  olddecorations.cpp
  thingdef.cpp
  thingdef_codeptr.cpp
  thingdef_data.cpp
  thingdef_exp.cpp
  thingdef_expression.cpp
  thingdef_parse.cpp
  Generating Code...
  Compiling...
  thingdef_properties.cpp
  thingdef_states.cpp
  parse_xlat.cpp
  t_fspic.cpp
  t_func.cpp
  t_load.cpp
  t_oper.cpp
  t_parse.cpp
  t_prepro.cpp
  t_script.cpp
  t_spec.cpp
  t_variable.cpp
  t_cmd.cpp
  sprites.cpp
  voxels.cpp
  renderstyle.cpp
  r_interpolate.cpp
  ast.cpp
  vmbuilder.cpp
  vmdisasm.cpp
  Generating Code...
  Compiling...
  vmexec.cpp
  vmframe.cpp
  zcc_compile.cpp
  zcc_expr.cpp
  zcc_parser.cpp
  zzautozend.cpp
  Generating Code...
  nodebuild_classify_sse2.cpp
  r_sky.cpp
  s_advsound.cpp
  s_environment.cpp
  s_playlist.cpp
  s_sndseq.cpp
  s_sound.cpp
  GuillotineBinPack.cpp
  SkylineBinPack.cpp
  intermission.cpp
  intermission_parse.cpp
  colorpickermenu.cpp
  joystickmenu.cpp
  listmenu.cpp
  loadsavemenu.cpp
  menu.cpp
  menudef.cpp
  menuinput.cpp
  messagebox.cpp
  optionmenu.cpp
  playerdisplay.cpp
  Generating Code...
  Compiling...
  playermenu.cpp
  readthis.cpp
  videomenu.cpp
  fmopl.cpp
  mlopl.cpp
  mlopl_io.cpp
  music_opldumper_mididevice.cpp
  music_opl_mididevice.cpp
  opl_mus_player.cpp
  opl.cpp
  OPL3.cpp
  nukedopl3.cpp
  commonsound.cpp
  i_music.cpp
  i_sound.cpp
D:\Git\Failure5\src\sound\i_sound.cpp(85): fatal error C1019: unexpected #else
  mpg123_decoder.cpp
  music_cd.cpp
  music_dumb.cpp
  music_gme.cpp
  music_mus_midiout.cpp
  Generating Code...
  Compiling...
  music_smf_midiout.cpp
  music_hmi_midiout.cpp
  music_xmi_midiout.cpp
  music_midistream.cpp
  music_midi_base.cpp
  music_midi_timidity.cpp
  music_mus_opl.cpp
  music_stream.cpp
  music_fluidsynth_mididevice.cpp
  music_softsynth_mididevice.cpp
  music_timidity_mididevice.cpp
  music_wildmidi_mididevice.cpp
  music_win_mididevice.cpp
  oalsound.cpp
  sndfile_decoder.cpp
  music_pseudo_mididevice.cpp
  common.cpp
  instrum.cpp
  instrum_dls.cpp
  instrum_font.cpp
  Generating Code...
  Compiling...
  instrum_sf2.cpp
  mix.cpp
  playmidi.cpp
  resample.cpp
  timidity.cpp
  file_io.cpp
  gus_pat.cpp
  reverb.cpp
  wildmidi_lib.cpp
  wm_error.cpp
  colormaps.cpp
  r_translate.cpp
  gl_data.cpp
  gl_portaldata.cpp
  gl_setup.cpp
  gl_matrix.cpp
  gl_vertexbuffer.cpp
  a_dynlight.cpp
  gl_clock.cpp
  gl_cycler.cpp
  Generating Code...
  Compiling...
  gl_geometric.cpp
  gl_renderer.cpp
  gl_renderstate.cpp
  gl_lightdata.cpp
  init.cpp
  hq2x.cpp
  hq3x.cpp
  hq4x.cpp
  gl_hwtexture.cpp
  gl_texture.cpp
  gl_material.cpp
  gl_hirestex.cpp
  gl_bitmap.cpp
  gl_samplers.cpp
  gl_translate.cpp
  gl_hqresize.cpp
  gl_skyboxtexture.cpp
  gl_bsp.cpp
  gl_fakeflat.cpp
  gl_clipper.cpp
  Generating Code...
  Compiling...
  gl_decal.cpp
  gl_drawinfo.cpp
  gl_flats.cpp
  gl_walls.cpp
  gl_sprite.cpp
  gl_skydome.cpp
  gl_renderhacks.cpp
  gl_weapon.cpp
  gl_scene.cpp
  gl_sky.cpp
  gl_portal.cpp
  gl_walls_draw.cpp
  gl_vertex.cpp
  gl_spritelight.cpp
  gl_stereo3d.cpp
  gl_stereo_cvars.cpp
  gl_stereo_leftright.cpp
  scoped_view_shifter.cpp
  gl_anaglyph.cpp
  gl_dynlight.cpp
  Generating Code...
  Compiling...
  gl_glow.cpp
  gl_dynlight1.cpp
  gl_lightbuffer.cpp
  gl_shader.cpp
  gl_texshader.cpp
  gl_interface.cpp
  gl_framebuffer.cpp
  gl_menu.cpp
  gl_wipe.cpp
  gl_models_md3.cpp
  gl_models_md2.cpp
  gl_models.cpp
  gl_voxels.cpp
  Generating Code...
