  lpc.c
  resampler.c
  itload.c
  itload2.c
  itmisc.c
  itorder.c
  itread.c
  itread2.c
  itrender.c
  itunload.c
  load669.c
  load6692.c
  loadamf.c
  loadamf2.c
  loadany.c
  loadany2.c
  loadasy.c
  loadasy2.c
  loadmod.c
  loadmod2.c
  Generating Code...
  Compiling...
  loadmtm.c
  loadmtm2.c
  loadokt.c
  loadokt2.c
  loadoldpsm.c
  loadoldpsm2.c
  loadpsm.c
  loadpsm2.c
  loadptm.c
  loadptm2.c
  loadriff.c
  loadriff2.c
  loads3m.c
  loads3m2.c
  loadstm.c
  loadstm2.c
  loadxm.c
  loadxm2.c
  ptmeffect.c
  read669.c
  Generating Code...
  Compiling...
  read6692.c
  readam.c
  readamf.c
  readamf2.c
  readany.c
  readany2.c
  readasy.c
  readdsmf.c
  readmod.c
  readmod2.c
  readmtm.c
  readokt.c
  readokt2.c
  readoldpsm.c
  readpsm.c
  readptm.c
  readriff.c
  reads3m.c
  reads3m2.c
  readstm.c
  Generating Code...
  Compiling...
  readstm2.c
  readxm.c
  readxm2.c
  xmeffect.c
  Generating Code...
  dumb.vcxproj -> D:\Git\MaryMagicalAdventure\dumb\MinSizeRel\dumb.lib
