  Building Custom Rule C:/Users/Myers/git/world-of-kirbycraft/jpeg-6b/CMakeLists.txt
  CMake does not need to re-run because C:\Users\Myers\git\world-of-kirbycraft\jpeg-6b\CMakeFiles\generate.stamp is up-to-date.
  jcomapi.c
  jdapimin.c
  jdapistd.c
  jdatasrc.c
  jdcoefct.c
  jdcolor.c
  jddctmgr.c
  jdhuff.c
  jdinput.c
  jdmainct.c
  jdmarker.c
  jdmaster.c
  jdmerge.c
  jdphuff.c
  jdpostct.c
  jdsample.c
  jerror.c
  jidctint.c
  jmemmgr.c
  jutils.c
  Generating Code...
  jpeg.vcxproj -> C:\Users\Myers\git\world-of-kirbycraft\jpeg-6b\Debug\jpeg.lib
