  __autostart.cpp
  actorptrselect.cpp
  am_map.cpp
  b_bot.cpp
  b_func.cpp
  b_game.cpp
  b_move.cpp
  b_think.cpp
  bbannouncer.cpp
  c_bind.cpp
  c_cmds.cpp
  c_console.cpp
  c_consolebuffer.cpp
  c_cvars.cpp
  c_dispatch.cpp
  c_expr.cpp
  cmdlib.cpp
  colormatcher.cpp
  compatibility.cpp
  configfile.cpp
  Generating Code...
  Compiling...
  ct_chat.cpp
  d_dehacked.cpp
  d_iwad.cpp
  d_main.cpp
  d_net.cpp
  d_netinfo.cpp
  d_protocol.cpp
  decallib.cpp
  dobject.cpp
  dobjgc.cpp
  dobjtype.cpp
  doomdef.cpp
  doomstat.cpp
  dsectoreffect.cpp
  dthinker.cpp
  edata.cpp
  f_wipe.cpp
  farchive.cpp
  files.cpp
  t_cmd.cpp
  Generating Code...
  Compiling...
  t_fspic.cpp
  t_func.cpp
  t_load.cpp
  t_oper.cpp
  t_parse.cpp
  t_prepro.cpp
  t_script.cpp
  t_spec.cpp
  t_variable.cpp
  a_doommisc.cpp
  g_doomedmap.cpp
  g_game.cpp
  a_hereticmisc.cpp
  a_hexenmisc.cpp
  g_hub.cpp
  g_level.cpp
  g_mapinfo.cpp
  a_artitele.cpp
  a_minotaur.cpp
  a_action.cpp
  Generating Code...
  Compiling...
  a_armor.cpp
  a_artifacts.cpp
  a_bridge.cpp
  a_camera.cpp
  a_debris.cpp
  a_decals.cpp
  a_fastprojectile.cpp
  a_flashfader.cpp
  a_fountain.cpp
  a_hatetarget.cpp
  a_keys.cpp
  a_lightning.cpp
  a_mapmarker.cpp
  a_morph.cpp
  a_movingcamera.cpp
  a_pickups.cpp
  a_puzzleitems.cpp
  a_quake.cpp
  a_randomspawner.cpp
  a_secrettrigger.cpp
  Generating Code...
  Compiling...
  a_sectoraction.cpp
  a_setcolor.cpp
  a_skies.cpp
  a_soundenvironment.cpp
  a_soundsequence.cpp
  a_spark.cpp
  a_specialspot.cpp
  a_waterzone.cpp
  a_weaponpiece.cpp
  a_weapons.cpp
  hudmessages.cpp
  sbar_mugshot.cpp
  sbarinfo.cpp
  shared_hud.cpp
  shared_sbar.cpp
  g_skill.cpp
  a_strifestuff.cpp
  strife_sbar.cpp
  gameconfigfile.cpp
  gi.cpp
  Generating Code...
  Compiling...
  hu_scores.cpp
  i_net.cpp
  info.cpp
  keysections.cpp
  lumpconfigfile.cpp
  m_alloc.cpp
  m_argv.cpp
  m_bbox.cpp
  m_cheat.cpp
  m_joy.cpp
  m_misc.cpp
  m_png.cpp
  m_random.cpp
  m_specialpaths.cpp
  md5.cpp
  memarena.cpp
  name.cpp
  nodebuild.cpp
  nodebuild_classify_nosse2.cpp
  nodebuild_events.cpp
  Generating Code...
  Compiling...
  nodebuild_extract.cpp
  nodebuild_gl.cpp
  nodebuild_utility.cpp
  p_3dfloors.cpp
  p_3dmidtex.cpp
  p_acs.cpp
  p_buildmap.cpp
  p_ceiling.cpp
  p_conversation.cpp
  p_doors.cpp
  p_effect.cpp
  p_enemy.cpp
  p_floor.cpp
  p_glnodes.cpp
  p_interaction.cpp
  p_lights.cpp
  p_linkedsectors.cpp
  p_lnspec.cpp
  p_map.cpp
  p_maputl.cpp
  Generating Code...
  Compiling...
  p_mobj.cpp
  p_pillar.cpp
  p_plats.cpp
  p_pspr.cpp
  p_saveg.cpp
  p_sectors.cpp
  p_setup.cpp
  p_sight.cpp
  p_slopes.cpp
  p_spec.cpp
  p_states.cpp
  p_switch.cpp
  p_tags.cpp
  p_teleport.cpp
  p_terrain.cpp
  p_things.cpp
  p_tick.cpp
  p_trace.cpp
  p_udmf.cpp
  p_usdf.cpp
  Generating Code...
  Compiling...
  p_user.cpp
  p_writemap.cpp
  p_xlat.cpp
  parsecontext.cpp
  pathexpander.cpp
  po_man.cpp
  portal.cpp
  r_interpolate.cpp
  renderstyle.cpp
  sprites.cpp
  voxels.cpp
  r_utility.cpp
  ancientzip.cpp
  file_7z.cpp
  file_directory.cpp
  file_grp.cpp
  file_lump.cpp
  file_pak.cpp
  file_rff.cpp
  file_wad.cpp
  Generating Code...
  Compiling...
  file_zip.cpp
  resourcefile.cpp
  sc_man.cpp
  st_stuff.cpp
  statistics.cpp
  stats.cpp
  stringtable.cpp
  tables.cpp
  teaminfo.cpp
  anim_switches.cpp
  animations.cpp
  automaptexture.cpp
  bitmap.cpp
  buildtexture.cpp
  canvastexture.cpp
  ddstexture.cpp
  emptytexture.cpp
  flattexture.cpp
  imgztexture.cpp
  jpegtexture.cpp
  Generating Code...
  Compiling...
  multipatchtexture.cpp
  patchtexture.cpp
  pcxtexture.cpp
  pngtexture.cpp
  rawpagetexture.cpp
  texture.cpp
  texturemanager.cpp
  tgatexture.cpp
  warptexture.cpp
  olddecorations.cpp
  thingdef.cpp
  thingdef_codeptr.cpp
  thingdef_data.cpp
  thingdef_exp.cpp
  thingdef_expression.cpp
  thingdef_parse.cpp
  thingdef_properties.cpp
  thingdef_states.cpp
  v_blend.cpp
  v_collection.cpp
  Generating Code...
