  __autostart.cpp
  eaxedit.cpp
  fb_ddraw.cpp
  hardware.cpp
  helperthread.cpp
  i_cd.cpp
  i_crash.cpp
  i_input.cpp
  i_keyboard.cpp
  i_mouse.cpp
  i_dijoy.cpp
  i_rawps2.cpp
  i_xinput.cpp
  i_main.cpp
  i_movie.cpp
  i_system.cpp
  st_start.cpp
  win32video.cpp
  x86.cpp
  actorptrselect.cpp
  Generating Code...
  Compiling...
  am_map.cpp
  b_bot.cpp
  b_func.cpp
  b_game.cpp
  b_move.cpp
  b_think.cpp
  bbannouncer.cpp
  c_bind.cpp
  c_cmds.cpp
  c_console.cpp
  c_consolebuffer.cpp
  c_cvars.cpp
  c_dispatch.cpp
  c_expr.cpp
  cmdlib.cpp
  colormatcher.cpp
  compatibility.cpp
  configfile.cpp
  ct_chat.cpp
  d_dehacked.cpp
  Generating Code...
  Compiling...
  d_iwad.cpp
  d_main.cpp
  d_net.cpp
  d_netinfo.cpp
  d_protocol.cpp
  decallib.cpp
  dobject.cpp
  dobjgc.cpp
  dobjtype.cpp
  doomdef.cpp
  doomstat.cpp
  dsectoreffect.cpp
  dthinker.cpp
  edata.cpp
  f_wipe.cpp
  farchive.cpp
  files.cpp
