  Building Custom Rule C:/Users/Myers/git/world-of-kirbycraft/wadsrc/CMakeLists.txt
  CMake does not need to re-run because C:\Users\Myers\git\world-of-kirbycraft\wadsrc\CMakeFiles\generate.stamp is up-to-date.
  Generating ../zdoom.pk3
  Adding actors/actor.txt                         77.7% [  4916/ 22027] Deflate
  Adding actors/chex/chexammo.txt                 73.2% [   347/  1294] Deflate
  Adding actors/chex/chexdecorations.txt          68.1% [   523/  1638] Deflate
  Adding actors/chex/chexitems.txt                67.2% [   375/  1144] Deflate
  Adding actors/chex/chexkeys.txt                 47.1% [   145/   274] Deflate
  Adding actors/chex/chexmonsters.txt             78.4% [   370/  1710] Deflate
  Adding actors/chex/chexplayer.txt               57.8% [   430/  1018] Deflate
  Adding actors/chex/chexweapons.txt              66.4% [   695/  2069] Deflate
  Adding actors/constants.txt                     68.4% [  4607/ 14579] Deflate
  Adding actors/doom/arachnotron.txt              61.3% [   532/  1375] Deflate
  Adding actors/doom/archvile.txt                 62.5% [   544/  1452] Deflate
  Adding actors/doom/bossbrain.txt                71.4% [   545/  1907] Deflate
  Adding actors/doom/bruiser.txt                  69.4% [   636/  2077] Deflate
  Adding actors/doom/cacodemon.txt                61.3% [   506/  1306] Deflate
  Adding actors/doom/cyberdemon.txt               57.9% [   415/   986] Deflate
  Adding actors/doom/deadthings.txt               70.7% [   562/  1918] Deflate
  Adding actors/doom/demon.txt                    62.6% [   459/  1227] Deflate
  Adding actors/doom/doomammo.txt                 81.9% [   407/  2245] Deflate
  Adding actors/doom/doomarmor.txt                67.0% [   321/   974] Deflate
  Adding actors/doom/doomartifacts.txt            74.3% [   817/  3180] Deflate
  Adding actors/doom/doomdecorations.txt          86.6% [  1237/  9252] Deflate
  Adding actors/doom/doomhealth.txt               63.5% [   266/   729] Deflate
  Adding actors/doom/doomimp.txt                  60.8% [   510/  1301] Deflate
  Adding actors/doom/doomkeys.txt                 78.1% [   322/  1473] Deflate
  Adding actors/doom/doommisc.txt                 49.9% [   751/  1500] Deflate
  Adding actors/doom/doomplayer.txt               63.3% [   685/  1864] Deflate
  Adding actors/doom/doomweapons.txt              80.2% [  1821/  9177] Deflate
  Adding actors/doom/fatso.txt                    62.4% [   528/  1404] Deflate
  Adding actors/doom/keen.txt                     52.8% [   291/   617] Deflate
  Adding actors/doom/lostsoul.txt                 60.6% [   492/  1248] Deflate
  Adding actors/doom/painelemental.txt            58.5% [   342/   824] Deflate
  Adding actors/doom/possessed.txt                77.4% [   866/  3824] Deflate
  Adding actors/doom/revenant.txt                 66.0% [   636/  1873] Deflate
  Adding actors/doom/scriptedmarine.txt           80.6% [   992/  5110] Deflate
  Adding actors/doom/spidermaster.txt             56.6% [   460/  1061] Deflate
  Adding actors/doom/stealthmonsters.txt          78.6% [   330/  1540] Deflate
  Adding actors/heretic/beast.txt                 58.1% [   693/  1654] Deflate
  Adding actors/heretic/chicken.txt               64.4% [   956/  2684] Deflate
  Adding actors/heretic/clink.txt                 44.6% [   380/   686] Deflate
  Adding actors/heretic/dsparil.txt               71.8% [  1229/  4353] Deflate
  Adding actors/heretic/hereticammo.txt           83.8% [   569/  3507] Deflate
  Adding actors/heretic/hereticarmor.txt          59.7% [   233/   578] Deflate
  Adding actors/heretic/hereticartifacts.txt      64.9% [   596/  1696] Deflate
  Adding actors/heretic/hereticdecorations.txt    78.3% [   424/  1951] Deflate
  Adding actors/heretic/hereticimp.txt            64.2% [   839/  2342] Deflate
  Adding actors/heretic/heretickeys.txt           78.0% [   414/  1881] Deflate
  Adding actors/heretic/hereticmisc.txt           71.5% [  1043/  3654] Deflate
  Adding actors/heretic/hereticplayer.txt         61.6% [   954/  2482] Deflate
  Adding actors/heretic/hereticweaps.txt          79.9% [  3408/ 16930] Deflate
  Adding actors/heretic/ironlich.txt              66.4% [   798/  2373] Deflate
  Adding actors/heretic/knight.txt                61.1% [   667/  1715] Deflate
  Adding actors/heretic/mummy.txt                 65.2% [   784/  2251] Deflate
  Adding actors/heretic/snake.txt                 58.7% [   587/  1421] Deflate
  Adding actors/heretic/wizard.txt                61.8% [   566/  1483] Deflate
  Adding actors/hexen/baseweapons.txt             54.3% [   213/   466] Deflate
  Adding actors/hexen/bats.txt                    57.7% [   276/   653] Deflate
  Adding actors/hexen/bishop.txt                  66.9% [   842/  2547] Deflate
  Adding actors/hexen/blastradius.txt             43.6% [   336/   596] Deflate
  Adding actors/hexen/boostarmor.txt              37.7% [   266/   427] Deflate
  Adding actors/hexen/centaur.txt                 66.4% [  1091/  3244] Deflate
  Adding actors/hexen/clericboss.txt              58.4% [   530/  1274] Deflate
  Adding actors/hexen/clericflame.txt             74.1% [   842/  3257] Deflate
  Adding actors/hexen/clericholy.txt              71.3% [  1125/  3926] Deflate
  Adding actors/hexen/clericmace.txt              59.8% [   363/   904] Deflate
  Adding actors/hexen/clericplayer.txt            60.2% [   848/  2129] Deflate
  Adding actors/hexen/clericstaff.txt             60.8% [   663/  1692] Deflate
  Adding actors/hexen/demons.txt                  81.3% [  1288/  6883] Deflate
  Adding actors/hexen/dragon.txt                  63.6% [   709/  1948] Deflate
  Adding actors/hexen/ettin.txt                   57.5% [   686/  1615] Deflate
  Adding actors/hexen/fighteraxe.txt              68.4% [   706/  2235] Deflate
  Adding actors/hexen/fighterboss.txt             58.5% [   525/  1266] Deflate
  Adding actors/hexen/fighterfist.txt             57.6% [   489/  1154] Deflate
  Adding actors/hexen/fighterhammer.txt           59.4% [   752/  1852] Deflate
  Adding actors/hexen/fighterplayer.txt           60.8% [   977/  2490] Deflate
  Adding actors/hexen/fighterquietus.txt          69.6% [   908/  2982] Deflate
  Adding actors/hexen/firedemon.txt               74.7% [   856/  3382] Deflate
  Adding actors/hexen/flame.txt                   74.6% [   453/  1784] Deflate
  Adding actors/hexen/flechette.txt               71.4% [  1124/  3935] Deflate
  Adding actors/hexen/flies.txt                   38.4% [   236/   383] Deflate
  Adding actors/hexen/fog.txt                     67.5% [   322/   990] Deflate
  Adding actors/hexen/healingradius.txt           41.4% [   266/   454] Deflate
  Adding actors/hexen/heresiarch.txt              70.9% [  1499/  5156] Deflate
  Adding actors/hexen/hexenarmor.txt              73.2% [   272/  1014] Deflate
  Adding actors/hexen/hexendecorations.txt        87.1% [  1416/ 10987] Deflate
  Adding actors/hexen/hexenkeys.txt               79.1% [   331/  1581] Deflate
  Adding actors/hexen/hexenspecialdecs.txt        78.6% [  1917/  8961] Deflate
  Adding actors/hexen/iceguy.txt                  68.6% [   767/  2441] Deflate
  Adding actors/hexen/korax.txt                   62.1% [   726/  1916] Deflate
  Adding actors/hexen/mageboss.txt                59.0% [   526/  1284] Deflate
  Adding actors/hexen/magecone.txt                58.2% [   557/  1331] Deflate
  Adding actors/hexen/magelightning.txt           69.3% [   886/  2884] Deflate
  Adding actors/hexen/mageplayer.txt              59.9% [   872/  2175] Deflate
  Adding actors/hexen/magestaff.txt               67.9% [   844/  2628] Deflate
  Adding actors/hexen/magewand.txt                56.6% [   522/  1204] Deflate
  Adding actors/hexen/mana.txt                    70.2% [   466/  1564] Deflate
  Adding actors/hexen/pig.txt                     62.7% [   831/  2225] Deflate
  Adding actors/hexen/puzzleitems.txt             84.1% [   756/  4766] Deflate
  Adding actors/hexen/scriptprojectiles.txt       75.0% [   417/  1671] Deflate
  Adding actors/hexen/serpent.txt                 69.7% [  1206/  3976] Deflate
  Adding actors/hexen/speedboots.txt              21.4% [   198/   252] Deflate
  Adding actors/hexen/spike.txt                   74.5% [   420/  1647] Deflate
  Adding actors/hexen/summon.txt                  53.9% [   435/   944] Deflate
  Adding actors/hexen/teleportother.txt           68.5% [   518/  1642] Deflate
  Adding actors/hexen/wraith.txt                  71.0% [   934/  3219] Deflate
  Adding actors/raven/artiegg.txt                 74.3% [   552/  2148] Deflate
  Adding actors/raven/artitele.txt                42.1% [   243/   420] Deflate
  Adding actors/raven/minotaur.txt                67.9% [  1083/  3374] Deflate
  Adding actors/raven/ravenambient.txt            64.4% [   176/   494] Deflate
  Adding actors/raven/ravenartifacts.txt          75.4% [   559/  2271] Deflate
  Adding actors/raven/ravenhealth.txt              8.1% [   137/   149] Deflate
  Adding actors/shared/action.txt                 63.6% [   295/   811] Deflate
  Adding actors/shared/blood.txt                  65.3% [   270/   777] Deflate
  Adding actors/shared/botstuff.txt               21.2% [   134/   170] Deflate
  Adding actors/shared/bridge.txt                 68.7% [   459/  1468] Deflate
  Adding actors/shared/camera.txt                 27.8% [   151/   209] Deflate
  Adding actors/shared/damagetypes.txt             0.0% [    33/    33] Stored
  Adding actors/shared/debris.txt                 79.1% [   619/  2963] Deflate
  Adding actors/shared/decal.txt                   0.0% [    23/    23] Stored
  Adding actors/shared/dog.txt                    45.2% [   319/   582] Deflate
  Adding actors/shared/fountain.txt               68.9% [   160/   514] Deflate
  Adding actors/shared/hatetarget.txt             36.8% [   144/   228] Deflate
  Adding actors/shared/inventory.txt              73.2% [  2147/  8000] Deflate
  Adding actors/shared/mapmarker.txt               6.2% [   121/   129] Deflate
  Adding actors/shared/morph.txt                  26.3% [   115/   156] Deflate
  Adding actors/shared/movingcamera.txt           57.1% [   151/   352] Deflate
  Adding actors/shared/pickups.txt                59.7% [   189/   469] Deflate
  Adding actors/shared/player.txt                 44.2% [   455/   816] Deflate
  Adding actors/shared/secrettrigger.txt           9.8% [    74/    82] Deflate
  Adding actors/shared/sectoraction.txt           82.0% [   284/  1574] Deflate
  Adding actors/shared/setcolor.txt               45.0% [    94/   171] Deflate
  Adding actors/shared/sharedmisc.txt             67.1% [   887/  2698] Deflate
  Adding actors/shared/skies.txt                  58.2% [   178/   426] Deflate
  Adding actors/shared/soundenvironment.txt        9.4% [    77/    85] Deflate
  Adding actors/shared/soundsequence.txt          76.7% [   217/   930] Deflate
  Adding actors/shared/spark.txt                  11.1% [    64/    72] Deflate
  Adding actors/shared/specialspot.txt            20.9% [   106/   134] Deflate
  Adding actors/shared/splashes.txt               75.8% [   627/  2588] Deflate
  Adding actors/shared/teleport.txt               48.9% [   206/   403] Deflate
  Adding actors/shared/waterzone.txt              10.5% [    68/    76] Deflate
  Adding actors/strife/acolyte.txt                71.8% [   888/  3148] Deflate
  Adding actors/strife/alienspectres.txt          73.1% [   962/  3577] Deflate
  Adding actors/strife/beggars.txt                55.0% [   526/  1170] Deflate
  Adding actors/strife/coin.txt                   73.5% [   336/  1270] Deflate
  Adding actors/strife/crusader.txt               62.6% [   841/  2247] Deflate
  Adding actors/strife/entityboss.txt             71.8% [   966/  3425] Deflate
  Adding actors/strife/inquisitor.txt             65.8% [   869/  2540] Deflate
  Adding actors/strife/loremaster.txt             58.7% [   778/  1883] Deflate
  Adding actors/strife/macil.txt                  52.5% [   675/  1420] Deflate
  Adding actors/strife/merchants.txt              59.2% [   611/  1496] Deflate
  Adding actors/strife/oracle.txt                 42.3% [   286/   496] Deflate
  Adding actors/strife/peasants.txt               69.3% [   654/  2132] Deflate
  Adding actors/strife/programmer.txt             61.3% [   742/  1918] Deflate
  Adding actors/strife/questitems.txt             71.0% [   695/  2396] Deflate
  Adding actors/strife/ratbuddy.txt               34.2% [   289/   439] Deflate
  Adding actors/strife/reaver.txt                 50.1% [   499/  1001] Deflate
  Adding actors/strife/rebels.txt                 64.4% [   727/  2044] Deflate
  Adding actors/strife/sentinel.txt               57.3% [   590/  1381] Deflate
  Adding actors/strife/sigil.txt                  78.4% [   634/  2937] Deflate
  Adding actors/strife/spectral.txt               76.4% [  1014/  4289] Deflate
  Adding actors/strife/stalker.txt                58.5% [   539/  1298] Deflate
  Adding actors/strife/strifeammo.txt             80.5% [   686/  3515] Deflate
  Adding actors/strife/strifearmor.txt            58.2% [   270/   646] Deflate
  Adding actors/strife/strifebishop.txt           56.0% [   786/  1786] Deflate
  Adding actors/strife/strifehumanoid.txt         57.1% [   386/   900] Deflate
  Adding actors/strife/strifeitems.txt            79.6% [  1851/  9079] Deflate
  Adding actors/strife/strifekeys.txt             84.7% [  1071/  7003] Deflate
  Adding actors/strife/strifeplayer.txt           64.6% [   967/  2734] Deflate
  Adding actors/strife/strifestuff.txt            83.1% [  3713/ 21917] Deflate
  Adding actors/strife/strifeweapons.txt          76.9% [  3016/ 13058] Deflate
  Adding actors/strife/templar.txt                48.8% [   528/  1031] Deflate
  Adding actors/strife/thingstoblowup.txt         67.5% [   782/  2408] Deflate
  Adding actors/strife/zombie.txt                 49.8% [   445/   886] Deflate
  Adding filter/doom.freedoom/decaldef.z          58.9% [   159/   387] Deflate
  Adding filter/game-doom/graphics/stcfn191.lmp   43.0% [    73/   128] Deflate
  Adding filter/game-doom/graphics/stcfn193.lmp   32.1% [    89/   131] Deflate
  Adding filter/game-doom/graphics/stcfn196.lmp   43.0% [    81/   142] Deflate
  Adding filter/game-doom/graphics/stcfn197.lmp   37.8% [    79/   127] Deflate
  Adding filter/game-doom/graphics/stcfn201.lmp   33.1% [    91/   136] Deflate
  Adding filter/game-doom/graphics/stcfn205.lmp   32.1% [    57/    84] Deflate
  Adding filter/game-doom/graphics/stcfn209.lmp   40.6% [    85/   143] Deflate
  Adding filter/game-doom/graphics/stcfn211.lmp   33.1% [    85/   127] Deflate
  Adding filter/game-doom/graphics/stcfn214.lmp   37.8% [    84/   135] Deflate
  Adding filter/game-doom/graphics/stcfn218.lmp   35.7% [    83/   129] Deflate
  Adding filter/game-doom/graphics/stcfn220.lmp   42.3% [    75/   130] Deflate
  Adding filter/game-doom/graphics/stcfn223.lmp   36.8% [    86/   136] Deflate
  Adding filter/game-doomchex/sndinfo.txt         75.4% [  3240/ 13194] Deflate
  Adding filter/game-heretic/defbinds.txt          0.0% [    70/    70] Stored
  Adding filter/game-heretic/sndinfo.txt          70.2% [  1926/  6465] Deflate
  Adding filter/game-hexen/defbinds.txt           31.2% [   161/   234] Deflate
  Adding filter/game-hexen/sndinfo.txt            76.9% [  1515/  6572] Deflate
  Adding filter/game-raven/graphics/fonta164.lmp  35.1% [   109/   168] Deflate
  Adding filter/game-raven/graphics/fonta165.lmp  31.5% [   113/   165] Deflate
  Adding filter/game-raven/graphics/fonta182.lmp  32.2% [   116/   171] Deflate
  Adding filter/game-raven/graphics/fonta188.lmp  34.7% [   113/   173] Deflate
  Adding filter/game-raven/graphics/fonta191.lmp  33.1% [   109/   163] Deflate
  Adding filter/game-raven/graphics/fonta60.lmp   35.9% [    59/    92] Deflate
  Adding filter/game-raven/graphics/fonta61.lmp   35.9% [    59/    92] Deflate
  Adding filter/game-raven/graphics/fonta62.lmp   32.1% [    19/    28] Deflate
  Adding filter/game-raven/graphics/fonta63.lmp   35.9% [    59/    92] Deflate
  Adding filter/game-strife/acs/strfhelp.o        51.1% [  1557/  3184] Deflate
  Adding filter/game-strife/defbinds.txt          19.9% [   117/   146] Deflate
  Adding filter/game-strife/loadacs.txt            0.0% [     9/     9] Stored
  Adding filter/game-strife/sndinfo.txt           71.1% [  2350/  8145] Deflate
  Adding filter/strifeteaser1/mapinfo/conversationids.txt 55.8% [  1085/  2453] Deflate
  Adding filter/strifeteaser2/mapinfo/conversationids.txt 55.5% [  1074/  2413] Deflate
  Adding graphics/-badpatc.lmp                    64.7% [   193/   546] Deflate
  Adding graphics/artibox.png                      0.0% [   650/   650] Stored
  Adding graphics/bal7scr1.png                     0.0% [   637/   637] Stored
  Adding graphics/bal7scr2.png                     0.0% [   665/   665] Stored
  Adding graphics/bfglite1.png                     0.0% [  1107/  1107] Stored
  Adding graphics/bfglite2.png                     0.0% [  1020/  1020] Stored
  Adding graphics/bfgscrc1.png                     0.0% [  2263/  2263] Stored
  Adding graphics/bfgscrc2.png                     0.0% [  2602/  2602] Stored
  Adding graphics/blast1.png                       0.0% [  2172/  2172] Stored
  Adding graphics/bsmear1.png                      0.0% [  1004/  1004] Stored
  Adding graphics/bsmear2.png                      0.0% [  1060/  1060] Stored
  Adding graphics/bsplat1.png                      0.0% [   595/   595] Stored
  Adding graphics/bsplat2.png                      0.0% [   810/   810] Stored
  Adding graphics/bsplat3.png                      0.0% [   346/   346] Stored
  Adding graphics/bsplat4.png                      0.0% [   366/   366] Stored
  Adding graphics/bsplat5.png                      0.0% [   399/   399] Stored
  Adding graphics/bsplat6.png                      0.0% [   615/   615] Stored
  Adding graphics/bsplat7.png                      3.5% [   221/   229] Deflate
  Adding graphics/cbalscr1.png                     0.0% [   636/   636] Stored
  Adding graphics/cbalscr2.png                     0.0% [   665/   665] Stored
  Adding graphics/cbowmark.png                     0.0% [  1680/  1680] Stored
  Adding graphics/chexcurs.png                     0.0% [   358/   358] Stored
  Adding graphics/chip1.png                        6.7% [   140/   150] Deflate
  Adding graphics/chip2.png                        7.3% [   127/   137] Deflate
  Adding graphics/chip3.png                        8.6% [   128/   140] Deflate
  Adding graphics/chip4.png                        8.3% [   121/   132] Deflate
  Adding graphics/chip5.png                        7.8% [   130/   141] Deflate
  Adding graphics/clerface.lmp                    25.4% [   194/   260] Deflate
  Adding graphics/cursor.png                       0.0% [   264/   264] Stored
  Adding graphics/doomcurs.png                     0.0% [   741/   741] Stored
  Adding graphics/fiteface.lmp                    20.6% [   235/   296] Deflate
  Adding graphics/hamoback.png                     0.0% [   831/   831] Stored
  Adding graphics/herecurs.png                     0.0% [  1298/  1298] Stored
  Adding graphics/hexncurs.png                     0.0% [   403/   403] Stored
  Adding graphics/invgeml1.png                     3.4% [   198/   205] Deflate
  Adding graphics/invgeml2.png                     2.4% [   202/   207] Deflate
  Adding graphics/invgemr1.png                     3.3% [   202/   209] Deflate
  Adding graphics/invgemr2.png                     1.9% [   211/   215] Deflate
  Adding graphics/m_back_d.png                     1.0% [   202/   204] Deflate
  Adding graphics/m_back_h.png                     0.9% [   211/   213] Deflate
  Adding graphics/m_back_s.png                     0.0% [   235/   235] Stored
  Adding graphics/m_back_x.png                     1.2% [   167/   169] Deflate
  Adding graphics/mageface.lmp                    42.1% [   191/   330] Deflate
  Adding graphics/plasma1.png                      0.0% [  1214/  1214] Stored
  Adding graphics/plasma2.png                      0.0% [  1446/  1446] Stored
  Adding graphics/readyico.png                     2.3% [   253/   259] Deflate
  Adding graphics/scorch1.png                      0.0% [  3488/  3488] Stored
  Adding graphics/selectbo.png                     3.3% [   177/   183] Deflate
  Adding graphics/stfbany.lmp                     90.6% [   132/  1408] Deflate
  Adding graphics/stkeys6.lmp                     26.0% [    77/   104] Deflate
  Adding graphics/stkeys7.lmp                     24.0% [    79/   104] Deflate
  Adding graphics/stkeys8.lmp                     24.0% [    79/   104] Deflate
  Adding graphics/stpbany.lmp                     91.7% [   122/  1478] Deflate
  Adding graphics/strfcurs.png                     0.7% [   300/   302] Deflate
  Adding graphics/twirl.png                        0.0% [  2660/  2660] Stored
  Adding graphics/wislash.lmp                     38.2% [   118/   191] Deflate
  Adding graphics/xhairb1.imgz                    53.3% [    42/    90] Deflate
  Adding graphics/xhairb2.png                     10.9% [   114/   128] Deflate
  Adding graphics/xhairb3.imgz                    47.4% [    61/   116] Deflate
  Adding graphics/xhairb4.imgz                    34.1% [    54/    82] Deflate
  Adding graphics/xhairb5.imgz                    44.0% [    28/    50] Deflate
  Adding graphics/xhairb6.imgz                    23.6% [    55/    72] Deflate
  Adding graphics/xhairb7.imgz                    36.4% [    21/    33] Deflate
  Adding graphics/xhairs1.imgz                    51.0% [    24/    49] Deflate
  Adding graphics/xhairs2.imgz                    51.4% [    35/    72] Deflate
  Adding graphics/xhairs3.imgz                    53.1% [    23/    49] Deflate
  Adding graphics/xhairs4.imgz                    42.9% [    28/    49] Deflate
  Adding graphics/xhairs5.imgz                    45.5% [    18/    33] Deflate
  Adding graphics/xhairs6.imgz                    16.7% [    40/    48] Deflate
  Adding graphics/xhairs7.imgz                    52.0% [    12/    25] Deflate
  Adding maparrows/arrow.txt                      61.9% [    82/   215] Deflate
  Adding maparrows/dagger.txt                     62.6% [   138/   369] Deflate
  Adding maparrows/ddtarrow.txt                   71.3% [   152/   529] Deflate
  Adding maparrows/key.txt                        65.8% [    93/   272] Deflate
  Adding maparrows/ravenkey.txt                   55.3% [   119/   266] Deflate
  Adding mapinfo/chex.txt                         62.5% [  2007/  5354] Deflate
  Adding mapinfo/chex3.txt                        26.6% [   124/   169] Deflate
  Adding mapinfo/common.txt                       74.5% [  2934/ 11511] Deflate
  Adding mapinfo/conversationids.txt              58.9% [  2496/  6066] Deflate
  Adding mapinfo/doom1.txt                        81.5% [  1439/  7795] Deflate
  Adding mapinfo/doom2.txt                        82.7% [  1348/  7781] Deflate
  Adding mapinfo/doom2bfg.txt                     58.0% [   393/   936] Deflate
  Adding mapinfo/doomcommon.txt                   56.9% [  1794/  4160] Deflate
  Adding mapinfo/doomitems.txt                    62.4% [  1168/  3106] Deflate
  Adding mapinfo/eternity.txt                     21.6% [   138/   176] Deflate
  Adding mapinfo/hacxharm.txt                      7.7% [    60/    65] Deflate
  Adding mapinfo/heretic.txt                      74.8% [  3291/ 13078] Deflate
  Adding mapinfo/hereticsw.txt                    18.7% [   113/   139] Deflate
  Adding mapinfo/hexdd.txt                         8.6% [    74/    81] Deflate
  Adding mapinfo/hexen.txt                        63.8% [  3891/ 10735] Deflate
  Adding mapinfo/mindefaults.txt                  54.1% [   725/  1578] Deflate
  Adding mapinfo/plutonia.txt                     80.7% [  1195/  6188] Deflate
  Adding mapinfo/strife.txt                       67.8% [  4754/ 14757] Deflate
  Adding mapinfo/tnt.txt                          80.7% [  1189/  6171] Deflate
  Adding mapinfo/ultdoom.txt                      23.4% [   128/   167] Deflate
  Adding mapinfo/urbanbrawl.txt                    7.3% [    76/    82] Deflate
  Adding sbarinfo/doom.txt                        71.6% [  1192/  4199] Deflate
  Adding sbarinfo/heretic.txt                     67.8% [  1183/  3678] Deflate
  Adding sbarinfo/hexen.txt                       76.2% [  1513/  6349] Deflate
  Adding shaders/d3d/build.bat                    52.1% [    45/    94] Deflate
  Adding shaders/d3d/shaders.ps                   62.2% [  1405/  3719] Deflate
  Adding shaders/d3d/sm14/BurnWipe.pso            25.4% [   170/   228] Deflate
  Adding shaders/d3d/sm14/GammaCorrection.pso     40.9% [   272/   460] Deflate
  Adding shaders/d3d/sm14/InGameColormap.pso      23.0% [   151/   196] Deflate
  Adding shaders/d3d/sm14/InGameColormapDesat.pso 30.2% [   229/   328] Deflate
  Adding shaders/d3d/sm14/InGameColormapInv.pso   25.8% [   190/   256] Deflate
  Adding shaders/d3d/sm14/InGameColormapInvDesat.pso 31.7% [   235/   344] Deflate
  Adding shaders/d3d/sm14/InGameColormapPal.pso   32.4% [   219/   324] Deflate
  Adding shaders/d3d/sm14/InGameColormapPalDesat.pso 35.6% [   281/   436] Deflate
  Adding shaders/d3d/sm14/InGameColormapPalInv.pso 32.9% [   247/   368] Deflate
  Adding shaders/d3d/sm14/InGameColormapPalInvDesat.pso 36.5% [   287/   452] Deflate
  Adding shaders/d3d/sm14/NormalColor.pso         21.7% [   141/   180] Deflate
  Adding shaders/d3d/sm14/NormalColorInv.pso      25.0% [   180/   240] Deflate
  Adding shaders/d3d/sm14/NormalColorPal.pso      31.8% [   210/   308] Deflate
  Adding shaders/d3d/sm14/NormalColorPalInv.pso   32.7% [   237/   352] Deflate
  Adding shaders/d3d/sm14/RedToAlpha.pso          21.7% [   166/   212] Deflate
  Adding shaders/d3d/sm14/RedToAlphaInv.pso       25.0% [   192/   256] Deflate
  Adding shaders/d3d/sm14/SpecialColormap.pso     24.6% [   208/   276] Deflate
  Adding shaders/d3d/sm14/SpecialColormapPal.pso  33.2% [   259/   388] Deflate
  Adding shaders/d3d/sm14/VertexColor.pso         13.8% [   100/   116] Deflate
  Adding shaders/d3d/sm14/build.bat               85.3% [   286/  1952] Deflate
  Adding shaders/d3d/sm20/BurnWipe.pso            32.3% [   203/   300] Deflate
  Adding shaders/d3d/sm20/GammaCorrection.pso     29.3% [   232/   328] Deflate
  Adding shaders/d3d/sm20/InGameColormap.pso      28.1% [   184/   256] Deflate
  Adding shaders/d3d/sm20/InGameColormapDesat.pso 34.3% [   255/   388] Deflate
  Adding shaders/d3d/sm20/InGameColormapInv.pso   31.0% [   218/   316] Deflate
  Adding shaders/d3d/sm20/InGameColormapInvDesat.pso 35.4% [   261/   404] Deflate
  Adding shaders/d3d/sm20/InGameColormapPal.pso   36.9% [   250/   396] Deflate
  Adding shaders/d3d/sm20/InGameColormapPalDesat.pso 39.8% [   308/   512] Deflate
  Adding shaders/d3d/sm20/InGameColormapPalInv.pso 36.6% [   279/   440] Deflate
  Adding shaders/d3d/sm20/InGameColormapPalInvDesat.pso 40.3% [   315/   528] Deflate
  Adding shaders/d3d/sm20/NormalColor.pso         27.4% [   183/   252] Deflate
  Adding shaders/d3d/sm20/NormalColorInv.pso      29.5% [   220/   312] Deflate
  Adding shaders/d3d/sm20/NormalColorPal.pso      36.0% [   251/   392] Deflate
  Adding shaders/d3d/sm20/NormalColorPalInv.pso   36.2% [   278/   436] Deflate
  Adding shaders/d3d/sm20/RedToAlpha.pso          28.3% [   195/   272] Deflate
  Adding shaders/d3d/sm20/RedToAlphaInv.pso       32.0% [   223/   328] Deflate
  Adding shaders/d3d/sm20/SpecialColormap.pso     33.2% [   243/   364] Deflate
  Adding shaders/d3d/sm20/SpecialColormapPal.pso  37.7% [   304/   488] Deflate
  Adding shaders/d3d/sm20/VertexColor.pso         13.7% [   107/   124] Deflate
  Adding shaders/d3d/sm20/build.bat               84.3% [   279/  1781] Deflate
  Adding shaders/d3d/sm30/BurnWipe.pso            31.0% [   207/   300] Deflate
  Adding shaders/d3d/sm30/GammaCorrection.pso     30.5% [   228/   328] Deflate
  Adding shaders/d3d/sm30/InGameColormap.pso      23.8% [   186/   244] Deflate
  Adding shaders/d3d/sm30/InGameColormapDesat.pso 30.6% [   261/   376] Deflate
  Adding shaders/d3d/sm30/InGameColormapInv.pso   27.3% [   221/   304] Deflate
  Adding shaders/d3d/sm30/InGameColormapInvDesat.pso 32.9% [   263/   392] Deflate
  Adding shaders/d3d/sm30/InGameColormapPal.pso   34.4% [   252/   384] Deflate
  Adding shaders/d3d/sm30/InGameColormapPalDesat.pso 37.0% [   315/   500] Deflate
  Adding shaders/d3d/sm30/InGameColormapPalInv.pso 34.6% [   280/   428] Deflate
  Adding shaders/d3d/sm30/InGameColormapPalInvDesat.pso 38.4% [   318/   516] Deflate
  Adding shaders/d3d/sm30/NormalColor.pso         23.3% [   184/   240] Deflate
  Adding shaders/d3d/sm30/NormalColorInv.pso      28.7% [   214/   300] Deflate
  Adding shaders/d3d/sm30/NormalColorPal.pso      34.2% [   250/   380] Deflate
  Adding shaders/d3d/sm30/NormalColorPalInv.pso   34.7% [   277/   424] Deflate
  Adding shaders/d3d/sm30/RedToAlpha.pso          22.9% [   185/   240] Deflate
  Adding shaders/d3d/sm30/RedToAlphaInv.pso       28.7% [   214/   300] Deflate
  Adding shaders/d3d/sm30/SpecialColormap.pso     32.1% [   239/   352] Deflate
  Adding shaders/d3d/sm30/SpecialColormapPal.pso  36.6% [   302/   476] Deflate
  Adding shaders/d3d/sm30/VertexColor.pso         11.3% [   110/   124] Deflate
  Adding shaders/d3d/sm30/build.bat               84.4% [   278/  1781] Deflate
  Adding sounds/DSDGACT.flac                       0.0% [  4382/  4382] Stored
  Adding sounds/DSDGATK.flac                       0.0% [  2937/  2937] Stored
  Adding sounds/DSDGDTH.flac                       0.7% [ 14603/ 14703] Deflate
  Adding sounds/DSDGPAIN.flac                      0.0% [  1679/  1679] Stored
  Adding sounds/DSDGSIT.flac                       0.0% [  1656/  1656] Stored
  Adding sounds/dsempty.lmp                        0.0% [    12/    12] Stored
  Adding sounds/dsquake.flac                       6.4% [  5531/  5912] Deflate
  Adding sounds/dssecret.flac                      0.1% [ 13992/ 14010] Deflate
  Adding sounds/icebrk1a.flac                      0.0% [ 13153/ 13158] Deflate
  Adding sounds/icedth1.flac                       1.0% [  9343/  9434] Deflate
  Adding sounds/railgf1.flac                       0.9% [ 15180/ 15322] Deflate
  Adding sounds/spark1.flac                        0.0% [  1538/  1538] Stored
  Adding sounds/spark2.flac                        0.4% [  5127/  5147] Deflate
  Adding sounds/spark3.flac                        0.0% [  2098/  2098] Stored
  Adding sprites/AFLYA0.png                        7.2% [   103/   111] Deflate
  Adding sprites/AFLYB0.png                        7.4% [    88/    95] Deflate
  Adding sprites/AFLYC0.png                        7.2% [   103/   111] Deflate
  Adding sprites/AFLYD0.png                        6.3% [   105/   112] Deflate
  Adding sprites/GWANA0.png                        0.6% [   313/   315] Deflate
  Adding sprites/PLS1A0.png                        1.2% [   325/   329] Deflate
  Adding sprites/PLS1B0.png                        0.0% [   331/   331] Stored
  Adding sprites/PLS1C0.png                        1.2% [   325/   329] Deflate
  Adding sprites/PLS1D0.png                        0.0% [   331/   331] Stored
  Adding sprites/PLS1E0.png                        0.0% [   842/   842] Stored
  Adding sprites/PLS1F0.png                        0.0% [   842/   842] Stored
  Adding sprites/PLS1G0.png                        0.0% [   575/   575] Stored
  Adding sprites/PLS2A0.png                        2.9% [   264/   272] Deflate
  Adding sprites/PLS2B0.png                        4.6% [   248/   260] Deflate
  Adding sprites/PLS2C0.png                        2.4% [   285/   292] Deflate
  Adding sprites/PLS2D0.png                        2.8% [   243/   250] Deflate
  Adding sprites/PLS2E0.png                        1.5% [   263/   267] Deflate
  Adding sprites/amrka0.png                        5.1% [   222/   234] Deflate
  Adding sprites/dogs/DOGSA1.png                   0.0% [   416/   416] Stored
  Adding sprites/dogs/DOGSA2A8.png                 0.0% [   466/   466] Stored
  Adding sprites/dogs/DOGSA3A7.png                 0.0% [   479/   479] Stored
  Adding sprites/dogs/DOGSA4A6.png                 0.0% [   451/   451] Stored
  Adding sprites/dogs/DOGSA5.png                   1.0% [   383/   387] Deflate
  Adding sprites/dogs/DOGSB1.png                   0.0% [   408/   408] Stored
  Adding sprites/dogs/DOGSB2B8.png                 0.0% [   475/   475] Stored
  Adding sprites/dogs/DOGSB3B7.png                 0.0% [   484/   484] Stored
  Adding sprites/dogs/DOGSB4B6.png                 0.0% [   445/   445] Stored
  Adding sprites/dogs/DOGSB5.png                   0.5% [   403/   405] Deflate
  Adding sprites/dogs/DOGSC1.png                   0.0% [   362/   362] Stored
  Adding sprites/dogs/DOGSC2C8.png                 0.0% [   481/   481] Stored
  Adding sprites/dogs/DOGSC3C7.png                 0.0% [   504/   504] Stored
  Adding sprites/dogs/DOGSC4C6.png                 0.0% [   456/   456] Stored
  Adding sprites/dogs/DOGSC5.png                   0.0% [   391/   391] Stored
  Adding sprites/dogs/DOGSD1.png                   0.5% [   391/   393] Deflate
  Adding sprites/dogs/DOGSD2D8.png                 0.0% [   462/   462] Stored
  Adding sprites/dogs/DOGSD3D7.png                 0.0% [   495/   495] Stored
  Adding sprites/dogs/DOGSD4D6.png                 0.0% [   445/   445] Stored
  Adding sprites/dogs/DOGSD5.png                   0.8% [   364/   367] Deflate
  Adding sprites/dogs/DOGSE1.png                   0.0% [   416/   416] Stored
  Adding sprites/dogs/DOGSE2.png                   0.0% [   465/   465] Stored
  Adding sprites/dogs/DOGSE3.png                   0.0% [   480/   480] Stored
  Adding sprites/dogs/DOGSE4.png                   0.0% [   452/   452] Stored
  Adding sprites/dogs/DOGSE5.png                   1.0% [   383/   387] Deflate
  Adding sprites/dogs/DOGSE6.png                   0.0% [   483/   483] Stored
  Adding sprites/dogs/DOGSE7.png                   0.0% [   511/   511] Stored
  Adding sprites/dogs/DOGSE8.png                   0.4% [   470/   472] Deflate
  Adding sprites/dogs/DOGSF1.png                   0.0% [   458/   458] Stored
  Adding sprites/dogs/DOGSF2.png                   0.0% [   475/   475] Stored
  Adding sprites/dogs/DOGSF3.png                   0.0% [   484/   484] Stored
  Adding sprites/dogs/DOGSF4.png                   0.0% [   445/   445] Stored
  Adding sprites/dogs/DOGSF5.png                   0.0% [   407/   407] Stored
  Adding sprites/dogs/DOGSF6.png                   0.0% [   466/   466] Stored
  Adding sprites/dogs/DOGSF7.png                   0.4% [   482/   484] Deflate
  Adding sprites/dogs/DOGSF8.png                   0.0% [   431/   431] Stored
  Adding sprites/dogs/DOGSG1.png                   0.0% [   511/   511] Stored
  Adding sprites/dogs/DOGSG2.png                   0.0% [   482/   482] Stored
  Adding sprites/dogs/DOGSG3.png                   0.0% [   505/   505] Stored
  Adding sprites/dogs/DOGSG4.png                   0.0% [   457/   457] Stored
  Adding sprites/dogs/DOGSG5.png                   0.0% [   391/   391] Stored
  Adding sprites/dogs/DOGSG6.png                   0.0% [   464/   464] Stored
  Adding sprites/dogs/DOGSG7.png                   0.0% [   525/   525] Stored
  Adding sprites/dogs/DOGSG8.png                   0.0% [   467/   467] Stored
  Adding sprites/dogs/DOGSH1.png                   0.0% [   510/   510] Stored
  Adding sprites/dogs/DOGSH2.png                   0.0% [   462/   462] Stored
  Adding sprites/dogs/DOGSH3.png                   0.0% [   495/   495] Stored
  Adding sprites/dogs/DOGSH4.png                   0.0% [   445/   445] Stored
  Adding sprites/dogs/DOGSH5.png                   0.5% [   366/   368] Deflate
  Adding sprites/dogs/DOGSH6.png                   0.0% [   439/   439] Stored
  Adding sprites/dogs/DOGSH7.png                   0.0% [   479/   479] Stored
  Adding sprites/dogs/DOGSH8.png                   0.0% [   457/   457] Stored
  Adding sprites/dogs/DOGSI0.png                   0.0% [   532/   532] Stored
  Adding sprites/dogs/DOGSJ0.png                   0.0% [   573/   573] Stored
  Adding sprites/dogs/DOGSK0.png                   0.0% [   574/   574] Stored
  Adding sprites/dogs/DOGSL0.png                   0.0% [   584/   584] Stored
  Adding sprites/dogs/DOGSM0.png                   0.0% [   583/   583] Stored
  Adding sprites/dogs/DOGSN0.png                   0.0% [   410/   410] Stored
  Adding sprites/iceca0.png                        4.7% [   184/   193] Deflate
  Adding sprites/icecb0.png                        5.3% [   179/   189] Deflate
  Adding sprites/icecc0.png                        5.2% [   147/   155] Deflate
  Adding sprites/icecd0.png                       11.9% [   104/   118] Deflate
  Adding sprites/minza0.png                        0.0% [   848/   848] Stored
  Adding sprites/pista0.png                        1.7% [   292/   297] Deflate
  Adding sprites/plyc/plyca1.lmp                  30.4% [   642/   923] Deflate
  Adding sprites/plyc/plyca2a8.lmp                34.5% [   796/  1216] Deflate
  Adding sprites/plyc/plyca3a7.lmp                34.8% [   909/  1395] Deflate
  Adding sprites/plyc/plyca4a6.lmp                34.5% [   739/  1129] Deflate
  Adding sprites/plyc/plyca5.lmp                  34.0% [   529/   802] Deflate
  Adding sprites/plyc/plycb1.lmp                  31.1% [   653/   948] Deflate
  Adding sprites/plyc/plycb2b8.lmp                35.6% [   791/  1228] Deflate
  Adding sprites/plyc/plycb3b7.lmp                34.5% [   908/  1386] Deflate
  Adding sprites/plyc/plycb4b6.lmp                34.3% [   748/  1138] Deflate
  Adding sprites/plyc/plycb5.lmp                  32.1% [   541/   797] Deflate
  Adding sprites/plyc/plycc1.lmp                  30.4% [   639/   918] Deflate
  Adding sprites/plyc/plycc2c8.lmp                35.0% [   794/  1222] Deflate
  Adding sprites/plyc/plycc3c7.lmp                34.4% [   910/  1387] Deflate
  Adding sprites/plyc/plycc4c6.lmp                34.7% [   738/  1131] Deflate
  Adding sprites/plyc/plycc5.lmp                  33.2% [   534/   799] Deflate
  Adding sprites/plyc/plycd1.lmp                  31.1% [   653/   948] Deflate
  Adding sprites/plyc/plycd2d8.lmp                35.6% [   791/  1228] Deflate
  Adding sprites/plyc/plycd3d7.lmp                34.5% [   908/  1386] Deflate
  Adding sprites/plyc/plycd4d6.lmp                34.3% [   748/  1138] Deflate
  Adding sprites/plyc/plycd5.lmp                  32.1% [   541/   797] Deflate
  Adding sprites/plyc/plyce1.lmp                  34.7% [   643/   984] Deflate
  Adding sprites/plyc/plyce2e8.lmp                34.4% [   786/  1198] Deflate
  Adding sprites/plyc/plyce3e7.lmp                34.6% [   922/  1410] Deflate
  Adding sprites/plyc/plyce4e6.lmp                36.0% [   723/  1129] Deflate
  Adding sprites/plyc/plyce5.lmp                  32.6% [   571/   847] Deflate
  Adding sprites/plyc/plycf1.lmp                  28.0% [   708/   984] Deflate
  Adding sprites/plyc/plycf2f8.lmp                31.6% [   873/  1276] Deflate
  Adding sprites/plyc/plycf3f7.lmp                34.5% [   977/  1492] Deflate
  Adding sprites/plyc/plycf4f6.lmp                35.7% [   777/  1208] Deflate
  Adding sprites/plyc/plycf5.lmp                  31.9% [   577/   847] Deflate
  Adding sprites/plyc/plycg1.lmp                  34.9% [   645/   991] Deflate
  Adding sprites/plyc/plycg2g8.lmp                35.1% [   776/  1196] Deflate
  Adding sprites/plyc/plycg3g7.lmp                35.2% [   916/  1413] Deflate
  Adding sprites/plyc/plycg4g6.lmp                36.2% [   723/  1133] Deflate
  Adding sprites/plyc/plycg5.lmp                  32.9% [   556/   829] Deflate
  Adding sprites/plyc/plych0.lmp                  25.3% [   932/  1248] Deflate
  Adding sprites/plyc/plyci0.lmp                  23.0% [   804/  1044] Deflate
  Adding sprites/plyc/plycj0.lmp                  25.6% [   710/   954] Deflate
  Adding sprites/plyc/plyck0.lmp                  30.5% [   684/   984] Deflate
  Adding sprites/plyc/plycl0.lmp                  33.1% [   644/   962] Deflate
  Adding sprites/plyc/plycm0.lmp                  32.7% [   650/   966] Deflate
  Adding sprites/plyc/plycn0.lmp                  33.2% [   649/   971] Deflate
  Adding sprites/plyc/plyco0.lmp                  26.9% [   923/  1262] Deflate
  Adding sprites/plyc/plycp0.lmp                  27.8% [  1070/  1481] Deflate
  Adding sprites/plyc/plycq0.lmp                  31.0% [  1299/  1883] Deflate
  Adding sprites/plyc/plycr0.lmp                  33.9% [  1185/  1794] Deflate
  Adding sprites/plyc/plycs0.lmp                  33.3% [  1183/  1773] Deflate
  Adding sprites/plyc/plyct0.lmp                  34.6% [  1050/  1605] Deflate
  Adding sprites/plyc/plycu0.lmp                  33.1% [   990/  1480] Deflate
  Adding sprites/plyc/plycv0.lmp                  34.0% [   914/  1384] Deflate
  Adding sprites/plyc/plycw0.lmp                  33.8% [   903/  1364] Deflate
  Adding sprites/rsmka0.png                        0.0% [   376/   376] Stored
  Adding sprites/rsmkb0.png                        0.0% [   388/   388] Stored
  Adding sprites/rsmkc0.png                        0.0% [   550/   550] Stored
  Adding sprites/rsmkd0.png                        0.0% [   380/   380] Stored
  Adding sprites/rsmke0.png                        1.6% [   251/   255] Deflate
  Adding sprites/sgrna1.png                        5.4% [   176/   186] Deflate
  Adding sprites/sgrna5.png                        4.4% [   215/   225] Deflate
  Adding sprites/sgrna6a4.png                      3.4% [   258/   267] Deflate
  Adding sprites/sgrna7a3.png                      4.2% [   184/   192] Deflate
  Adding sprites/sgrna8a2.png                      3.5% [   191/   198] Deflate
  Adding sprites/spkra0.png                        0.0% [   525/   525] Stored
  Adding sprites/tlgla0.png                        6.6% [   142/   152] Deflate
  Adding sprites/tlglb0.png                        6.6% [   142/   152] Deflate
  Adding sprites/tlglc0.png                        6.6% [   142/   152] Deflate
  Adding sprites/tlgld0.png                        6.6% [   142/   152] Deflate
  Adding sprites/tlgle0.png                        6.6% [   142/   152] Deflate
  Adding sprites/tnt1a0.png                       15.4% [    11/    13] Deflate
  Adding sprites/unkna0.png                        4.1% [   213/   222] Deflate
  Adding textures/-noflat-.png                     5.2% [    91/    96] Deflate
  Adding xlat/base.txt                            79.5% [  4569/ 22247] Deflate
  Adding xlat/defines.i                           64.2% [  1597/  4466] Deflate
  Adding xlat/doom.txt                            61.0% [   484/  1242] Deflate
  Adding xlat/doom_base.txt                       51.9% [    89/   185] Deflate
  Adding xlat/eternity.txt                        70.4% [  2503/  8458] Deflate
  Adding xlat/heretic.txt                         68.1% [   826/  2590] Deflate
  Adding xlat/heretic_base.txt                    12.4% [    85/    97] Deflate
  Adding xlat/strife.txt                          77.5% [  3191/ 14181] Deflate
  Adding xlat/strife_base.txt                     40.1% [   103/   172] Deflate
  Adding althudcf.txt                              6.2% [    61/    65] Deflate
  Adding animated.lmp                             66.3% [   489/  1450] Deflate
  Adding animdefs.txt                             81.4% [  2122/ 11396] Deflate
  Adding compatibility.txt                        54.6% [  5874/ 12944] Deflate
  Adding confont.lmp                              64.7% [  3640/ 10302] Deflate
  Adding dbigfont.lmp                             45.6% [  3630/  6671] Deflate
  Adding decaldef.txt                             83.4% [  2927/ 17667] Deflate
  Adding decorate.txt                             83.9% [  1064/  6611] Deflate
  Adding defbinds.txt                             52.7% [   817/  1728] Deflate
  Adding dehsupp.txt                              70.2% [  7997/ 26804] Deflate
  Adding etc.h.txt                                49.7% [   234/   465] Deflate
  Adding fontdefs.txt                             50.7% [   469/   952] Deflate
  Adding in_epi1.txt                              65.2% [   265/   762] Deflate
  Adding in_epi2.txt                              65.5% [   338/   980] Deflate
  Adding in_epi3.txt                              58.8% [   223/   541] Deflate
  Adding in_htc1.txt                              26.7% [   137/   187] Deflate
  Adding in_htc2.txt                              27.4% [   138/   190] Deflate
  Adding in_htc3.txt                              26.2% [   138/   187] Deflate
  Adding indexfont                                58.9% [   127/   309] Deflate
  Adding iwadinfo.txt                             80.3% [  1634/  8304] Deflate
  Adding language.eng                             55.8% [  1895/  4291] Deflate
  Adding language.enu                             64.9% [ 33335/ 95048] Deflate
  Adding language.fr                              63.9% [ 21280/ 58872] Deflate
  Adding language.ita                             63.2% [ 16379/ 44532] Deflate
  Adding language.ptb                             63.2% [ 24988/ 67974] Deflate
  Adding lockdefs.txt                             81.7% [  1252/  6849] Deflate
  Adding menudef.txt                              76.8% [ 11811/ 50854] Deflate
  Adding netnotch.dat                             18.8% [    26/    32] Deflate
  Adding notch.dat                                40.8% [   109/   184] Deflate
  Adding reverbs.txt                              88.1% [  3657/ 30725] Deflate
  Adding sbarinfo.txt                             52.5% [   211/   444] Deflate
  Adding sbigfont.lmp                             60.5% [  2982/  7546] Deflate
  Adding sndinfo.txt                              62.5% [   793/  2117] Deflate
  Adding sndseq.txt                               80.6% [   992/  5120] Deflate
  Adding spaldoom.lmp                             20.2% [   613/   768] Deflate
  Adding spalhtic.lmp                              0.0% [   768/   768] Stored
  Adding teaminfo.txt                             68.7% [   155/   495] Deflate
  Adding terrain.txt                              74.8% [   786/  3125] Deflate
  Adding textcolors.txt                           65.0% [   931/  2657] Deflate
  Adding textures.txt                             81.1% [   286/  1515] Deflate
  Adding things.h.txt                             69.0% [  1492/  4806] Deflate
  Adding vga-rom-font.16                          67.1% [  1349/  4096] Deflate
  Adding x11r6rgb.txt                             71.7% [  4925/ 17379] Deflate
  Adding xhairs.txt                               16.7% [    60/    72] Deflate
  C:/Users/Myers/git/world-of-kirbycraft/zdoom.pk3 contains 585 files (updated 585)
