  Building Custom Rule C:/Users/Myers/git/world-of-kirbycraft/tools/re2c/CMakeLists.txt
  CMake does not need to re-run because C:\Users\Myers\git\world-of-kirbycraft\tools\re2c\CMakeFiles\generate.stamp is up-to-date.
  bitmap.cc
  emit_action.cc
  emit_dfa.cc
  label.cc
  go_construct.cc
  go_destruct.cc
  go_emit.cc
  go_used_labels.cc
  input_api.cc
  output.cc
  print.cc
  msg.cc
  opt.cc
  parse_opts.cc
  warn.cc
C:\Users\Myers\git\world-of-kirbycraft\tools\re2c\src\conf\warn.cc(90): warning C4800: 'uint32_t': forcing value to bool 'true' or 'false' (performance warning)
C:\Users\Myers\git\world-of-kirbycraft\tools\re2c\src\conf\warn.cc(103): warning C4800: 'uint32_t': forcing value to bool 'true' or 'false' (performance warning)
C:\Users\Myers\git\world-of-kirbycraft\tools\re2c\src\conf\warn.cc(113): warning C4800: 'uint32_t': forcing value to bool 'true' or 'false' (performance warning)
C:\Users\Myers\git\world-of-kirbycraft\tools\re2c\src\conf\warn.cc(123): warning C4800: 'uint32_t': forcing value to bool 'true' or 'false' (performance warning)
C:\Users\Myers\git\world-of-kirbycraft\tools\re2c\src\conf\warn.cc(133): warning C4800: 'uint32_t': forcing value to bool 'true' or 'false' (performance warning)
C:\Users\Myers\git\world-of-kirbycraft\tools\re2c\src\conf\warn.cc(168): warning C4800: 'uint32_t': forcing value to bool 'true' or 'false' (performance warning)
C:\Users\Myers\git\world-of-kirbycraft\tools\re2c\src\conf\warn.cc(194): warning C4800: 'uint32_t': forcing value to bool 'true' or 'false' (performance warning)
  calc_size.cc
  nfa.cc
  split.cc
  adfa.cc
  prepare.cc
  Generating Code...
  Compiling...
  determinization.cc
  fillpoints.cc
  minimization.cc
  display.cc
  enc.cc
  range_suffix.cc
  utf8_regexp.cc
  utf8_range.cc
  utf8.cc
  utf16_regexp.cc
  utf16.cc
  utf16_range.cc
  fixed_length.cc
  regexp.cc
  compile.cc
  rule_rank.cc
  control_flow.cc
  generate_code.cc
  generate_data.cc
  match_empty.cc
  Generating Code...
  Compiling...
  maxlen.cc
  skeleton.cc
  unreachable.cc
  way.cc
  main.cc
  code.cc
  input.cc
  lex.cc
  lex_conf.cc
  parser.cc
  scanner.cc
  unescape.cc
  s_to_n32_unsafe.cc
  range.cc
  Generating Code...
  re2c.vcxproj -> C:\Users\Myers\git\world-of-kirbycraft\tools\re2c\Debug\re2c.exe
